Flow report for SnakeExperiment
Sat Mar 19 15:24:21 2022
Quartus Prime Version 18.1.0 Build 625 09/12/2018 SJ Lite Edition


---------------------
; Table of Contents ;
---------------------
  1. Legal Notice
  2. Flow Summary
  3. Flow Settings
  4. Flow Non-Default Global Settings
  5. Flow Elapsed Time
  6. Flow OS Summary
  7. Flow Log
  8. Flow Messages
  9. Flow Suppressed Messages



----------------
; Legal Notice ;
----------------
Copyright (C) 2018  Intel Corporation. All rights reserved.
Your use of Intel Corporation's design tools, logic functions 
and other software and tools, and its AMPP partner logic 
functions, and any output files from any of the foregoing 
(including device programming or simulation files), and any 
associated documentation or information are expressly subject 
to the terms and conditions of the Intel Program License 
Subscription Agreement, the Intel Quartus Prime License Agreement,
the Intel FPGA IP License Agreement, or other applicable license
agreement, including, without limitation, that your use is for
the sole purpose of programming logic devices manufactured by
Intel and sold by Intel or its authorized distributors.  Please
refer to the applicable agreement for further details.



+----------------------------------------------------------------------------------+
; Flow Summary                                                                     ;
+------------------------------------+---------------------------------------------+
; Flow Status                        ; Successful - Sat Mar 19 15:24:00 2022       ;
; Quartus Prime Version              ; 18.1.0 Build 625 09/12/2018 SJ Lite Edition ;
; Revision Name                      ; SnakeExperiment                             ;
; Top-level Entity Name              ; DE10_LITE_Golden_Top                        ;
; Family                             ; MAX 10                                      ;
; Device                             ; 10M50DAF484C6GES                            ;
; Timing Models                      ; Preliminary                                 ;
; Total logic elements               ; 17,134 / 49,760 ( 34 % )                    ;
;     Total combinational functions  ; 16,428 / 49,760 ( 33 % )                    ;
;     Dedicated logic registers      ; 6,667 / 49,760 ( 13 % )                     ;
; Total registers                    ; 6735                                        ;
; Total pins                         ; 185 / 360 ( 51 % )                          ;
; Total virtual pins                 ; 0                                           ;
; Total memory bits                  ; 11,264 / 1,677,312 ( < 1 % )                ;
; Embedded Multiplier 9-bit elements ; 288 / 288 ( 100 % )                         ;
; Total PLLs                         ; 1 / 4 ( 25 % )                              ;
; UFM blocks                         ; 0 / 1 ( 0 % )                               ;
; ADC blocks                         ; 0 / 2 ( 0 % )                               ;
+------------------------------------+---------------------------------------------+


+-----------------------------------------+
; Flow Settings                           ;
+-------------------+---------------------+
; Option            ; Setting             ;
+-------------------+---------------------+
; Start date & time ; 03/19/2022 15:18:22 ;
; Main task         ; Compilation         ;
; Revision Name     ; SnakeExperiment     ;
+-------------------+---------------------+


+------------------------------------------------------------------------------------------------------------------------------------+
; Flow Non-Default Global Settings                                                                                                   ;
+-------------------------------------+----------------------------------------+-----------------+----------------------+------------+
; Assignment Name                     ; Value                                  ; Default Value   ; Entity Name          ; Section Id ;
+-------------------------------------+----------------------------------------+-----------------+----------------------+------------+
; COMPILER_SIGNATURE_ID               ; 10995770589189.164770310105784         ; --              ; --                   ; --         ;
; MAX_CORE_JUNCTION_TEMP              ; 85                                     ; --              ; --                   ; --         ;
; MIN_CORE_JUNCTION_TEMP              ; 0                                      ; --              ; --                   ; --         ;
; PARTITION_COLOR                     ; -- (Not supported for targeted family) ; --              ; DE10_LITE_Golden_Top ; Top        ;
; PARTITION_FITTER_PRESERVATION_LEVEL ; -- (Not supported for targeted family) ; --              ; DE10_LITE_Golden_Top ; Top        ;
; PARTITION_NETLIST_TYPE              ; -- (Not supported for targeted family) ; --              ; DE10_LITE_Golden_Top ; Top        ;
; POWER_BOARD_THERMAL_MODEL           ; None (CONSERVATIVE)                    ; --              ; --                   ; --         ;
; POWER_PRESET_COOLING_SOLUTION       ; 23 MM HEAT SINK WITH 200 LFPM AIRFLOW  ; --              ; --                   ; --         ;
; PROJECT_OUTPUT_DIRECTORY            ; output_files                           ; --              ; --                   ; --         ;
; TOP_LEVEL_ENTITY                    ; DE10_LITE_Golden_Top                   ; SnakeExperiment ; --                   ; --         ;
+-------------------------------------+----------------------------------------+-----------------+----------------------+------------+


+--------------------------------------------------------------------------------------------------------------------------+
; Flow Elapsed Time                                                                                                        ;
+----------------------+--------------+-------------------------+---------------------+------------------------------------+
; Module Name          ; Elapsed Time ; Average Processors Used ; Peak Virtual Memory ; Total CPU Time (on all processors) ;
+----------------------+--------------+-------------------------+---------------------+------------------------------------+
; Analysis & Synthesis ; 00:03:40     ; 1.0                     ; 5135 MB             ; 00:04:51                           ;
; Fitter               ; 00:01:33     ; 2.4                     ; 6331 MB             ; 00:04:40                           ;
; Assembler            ; 00:00:07     ; 1.0                     ; 4751 MB             ; 00:00:06                           ;
; Timing Analyzer      ; 00:00:20     ; 4.9                     ; 5014 MB             ; 00:01:23                           ;
; Total                ; 00:05:40     ; --                      ; --                  ; 00:11:00                           ;
+----------------------+--------------+-------------------------+---------------------+------------------------------------+


+------------------------------------------------------------------------------------+
; Flow OS Summary                                                                    ;
+----------------------+------------------+------------+------------+----------------+
; Module Name          ; Machine Hostname ; OS Name    ; OS Version ; Processor type ;
+----------------------+------------------+------------+------------+----------------+
; Analysis & Synthesis ; DESKTOP-MI9U4K4  ; Windows 10 ; 10.0       ; x86_64         ;
; Fitter               ; DESKTOP-MI9U4K4  ; Windows 10 ; 10.0       ; x86_64         ;
; Assembler            ; DESKTOP-MI9U4K4  ; Windows 10 ; 10.0       ; x86_64         ;
; Timing Analyzer      ; DESKTOP-MI9U4K4  ; Windows 10 ; 10.0       ; x86_64         ;
+----------------------+------------------+------------+------------+----------------+


------------
; Flow Log ;
------------
quartus_map --read_settings_files=on --write_settings_files=off SnakeExperiment -c SnakeExperiment
quartus_fit --read_settings_files=off --write_settings_files=off SnakeExperiment -c SnakeExperiment
quartus_asm --read_settings_files=off --write_settings_files=off SnakeExperiment -c SnakeExperiment
quartus_sta SnakeExperiment -c SnakeExperiment



