16:15:52 **** Clean-only build of configuration Nios II for project snake ****
make clean 
[snake clean complete]
16:16:04 **** Build of configuration Nios II for project snake ****
make all 
Info: Building ../snake_bsp/
C:/intelFPGA_lite/18.1/nios2eds/bin/gnu/H-x86_64-mingw32/bin/make --no-print-directory -C ../snake_bsp/
[BSP build complete]
Info: Compiling hello_world_small.c to obj/default/hello_world_small.o
nios2-elf-gcc -xc -MP -MMD -c -I../snake_bsp//HAL/inc -I../snake_bsp/ -I../snake_bsp//drivers/inc  -pipe -D__hal__ -DALT_NO_C_PLUS_PLUS -DALT_NO_CLEAN_EXIT -D'exit(a)=_exit(a)' -DALT_NO_EXIT -DALT_USE_DIRECT_DRIVERS -DALT_NO_INSTRUCTION_EMULATION -DALT_USE_SMALL_DRIVERS -DSMALL_C_LIB -DALT_SINGLE_THREADED    -Os -g -Wall   -mno-hw-div -mno-hw-mul -mno-hw-mulx -mgpopt=global  -o obj/default/hello_world_small.o hello_world_small.c
hello_world_small.c: In function 'sys_timer_isr':
hello_world_small.c:144:16: warning: variable 'lasttime' set but not used [-Wunused-but-set-variable]
  static alt_64 lasttime;
                ^
hello_world_small.c: In function 'parse_request':
hello_world_small.c:210:44: warning: passing argument 2 of 'strcmp' from incompatible pointer type [-Wincompatible-pointer-types]
  if(token_number == 0 || strcmp(tokens[0], &"R" ) != 0){
                                            ^
In file included from c:\intelfpga_lite\18.1\nios2eds\bin\gnu\h-x86_64-mingw32\nios2-elf\include\string.h:10:0,
                 from ../snake_bsp//drivers/inc/altera_avalon_timer.h:36,
                 from hello_world_small.c:4:
c:\intelfpga_lite\18.1\nios2eds\bin\gnu\h-x86_64-mingw32\nios2-elf\include\string.h:28:6: note: expected 'const char *' but argument is of type 'char (*)[2]'
 int  _EXFUN(strcmp,(const char *, const char *));
      ^
hello_world_small.c:211:14: warning: passing argument 1 of 'throw_code' from incompatible pointer type [-Wincompatible-pointer-types]
   throw_code(&"ERR", 1);
              ^
hello_world_small.c:54:6: note: expected 'char *' but argument is of type 'char (*)[4]'
 void throw_code(char* regname, int code);
      ^
hello_world_small.c:216:34: warning: passing argument 2 of 'strcmp' from incompatible pointer type [-Wincompatible-pointer-types]
  int is_all = (strcmp(tokens[1], &"ALL") == 0); //Strcmp is weird and equal is denoted by 0
                                  ^
In file included from c:\intelfpga_lite\18.1\nios2eds\bin\gnu\h-x86_64-mingw32\nios2-elf\include\string.h:10:0,
                 from ../snake_bsp//drivers/inc/altera_avalon_timer.h:36,
                 from hello_world_small.c:4:
c:\intelfpga_lite\18.1\nios2eds\bin\gnu\h-x86_64-mingw32\nios2-elf\include\string.h:28:6: note: expected 'const char *' but argument is of type 'char (*)[4]'
 int  _EXFUN(strcmp,(const char *, const char *));
      ^
hello_world_small.c:219:34: warning: passing argument 2 of 'strcmp' from incompatible pointer type [-Wincompatible-pointer-types]
  if(is_all || (strcmp(tokens[1], &"ACCPROC") == 0)){
                                  ^
In file included from c:\intelfpga_lite\18.1\nios2eds\bin\gnu\h-x86_64-mingw32\nios2-elf\include\string.h:10:0,
                 from ../snake_bsp//drivers/inc/altera_avalon_timer.h:36,
                 from hello_world_small.c:4:
c:\intelfpga_lite\18.1\nios2eds\bin\gnu\h-x86_64-mingw32\nios2-elf\include\string.h:28:6: note: expected 'const char *' but argument is of type 'char (*)[8]'
 int  _EXFUN(strcmp,(const char *, const char *));
      ^
hello_world_small.c:234:34: warning: passing argument 2 of 'strcmp' from incompatible pointer type [-Wincompatible-pointer-types]
  if (is_all || strcmp(tokens[1], &"ACCRAW") == 0){
                                  ^
In file included from c:\intelfpga_lite\18.1\nios2eds\bin\gnu\h-x86_64-mingw32\nios2-elf\include\string.h:10:0,
                 from ../snake_bsp//drivers/inc/altera_avalon_timer.h:36,
                 from hello_world_small.c:4:
c:\intelfpga_lite\18.1\nios2eds\bin\gnu\h-x86_64-mingw32\nios2-elf\include\string.h:28:6: note: expected 'const char *' but argument is of type 'char (*)[7]'
 int  _EXFUN(strcmp,(const char *, const char *));
      ^
hello_world_small.c:249:34: warning: passing argument 2 of 'strcmp' from incompatible pointer type [-Wincompatible-pointer-types]
  if (is_all || strcmp(tokens[1], &"BUTTON") == 0){
                                  ^
In file included from c:\intelfpga_lite\18.1\nios2eds\bin\gnu\h-x86_64-mingw32\nios2-elf\include\string.h:10:0,
                 from ../snake_bsp//drivers/inc/altera_avalon_timer.h:36,
                 from hello_world_small.c:4:
c:\intelfpga_lite\18.1\nios2eds\bin\gnu\h-x86_64-mingw32\nios2-elf\include\string.h:28:6: note: expected 'const char *' but argument is of type 'char (*)[7]'
 int  _EXFUN(strcmp,(const char *, const char *));
      ^
hello_world_small.c:260:34: warning: passing argument 2 of 'strcmp' from incompatible pointer type [-Wincompatible-pointer-types]
  if (is_all || strcmp(tokens[1], &"SWITCH") == 0){
                                  ^
In file included from c:\intelfpga_lite\18.1\nios2eds\bin\gnu\h-x86_64-mingw32\nios2-elf\include\string.h:10:0,
                 from ../snake_bsp//drivers/inc/altera_avalon_timer.h:36,
                 from hello_world_small.c:4:
c:\intelfpga_lite\18.1\nios2eds\bin\gnu\h-x86_64-mingw32\nios2-elf\include\string.h:28:6: note: expected 'const char *' but argument is of type 'char (*)[7]'
 int  _EXFUN(strcmp,(const char *, const char *));
      ^
hello_world_small.c:274:24: warning: passing argument 2 of 'strcmp' from incompatible pointer type [-Wincompatible-pointer-types]
  if (strcmp(tokens[1], &"HEXTEXT") == 0){
                        ^
In file included from c:\intelfpga_lite\18.1\nios2eds\bin\gnu\h-x86_64-mingw32\nios2-elf\include\string.h:10:0,
                 from ../snake_bsp//drivers/inc/altera_avalon_timer.h:36,
                 from hello_world_small.c:4:
c:\intelfpga_lite\18.1\nios2eds\bin\gnu\h-x86_64-mingw32\nios2-elf\include\string.h:28:6: note: expected 'const char *' but argument is of type 'char (*)[8]'
 int  _EXFUN(strcmp,(const char *, const char *));
      ^
hello_world_small.c:279:25: warning: passing argument 1 of 'write_to_disp' from incompatible pointer type [-Wincompatible-pointer-types]
   int k = write_to_disp(&" ", 0);
                         ^
hello_world_small.c:179:5: note: expected 'char *' but argument is of type 'char (*)[2]'
 int write_to_disp(char* str, int offset){
     ^
hello_world_small.c:283:24: warning: passing argument 2 of 'strcmp' from incompatible pointer type [-Wincompatible-pointer-types]
  if (strcmp(tokens[1], &"LEDFLASH") == 0){
                        ^
In file included from c:\intelfpga_lite\18.1\nios2eds\bin\gnu\h-x86_64-mingw32\nios2-elf\include\string.h:10:0,
                 from ../snake_bsp//drivers/inc/altera_avalon_timer.h:36,
                 from hello_world_small.c:4:
c:\intelfpga_lite\18.1\nios2eds\bin\gnu\h-x86_64-mingw32\nios2-elf\include\string.h:28:6: note: expected 'const char *' but argument is of type 'char (*)[9]'
 int  _EXFUN(strcmp,(const char *, const char *));
      ^
hello_world_small.c:289:14: warning: passing argument 1 of 'throw_code' from incompatible pointer type [-Wincompatible-pointer-types]
   throw_code(&"LEDFLASH", 0);
              ^
hello_world_small.c:54:6: note: expected 'char *' but argument is of type 'char (*)[9]'
 void throw_code(char* regname, int code);
      ^
hello_world_small.c:294:14: warning: passing argument 1 of 'throw_code' from incompatible pointer type [-Wincompatible-pointer-types]
   throw_code(&"ERR", 2);
              ^
hello_world_small.c:54:6: note: expected 'char *' but argument is of type 'char (*)[4]'
 void throw_code(char* regname, int code);
      ^
hello_world_small.c: In function 'to_hex':
hello_world_small.c:308:15: warning: format '%x' expects argument of type 'unsigned int', but argument 3 has type 'alt_32 {aka long int}' [-Wformat=]
  sprintf(buf, "%x", val);
               ^
hello_world_small.c:308:15: warning: format '%x' expects argument of type 'unsigned int', but argument 3 has type 'alt_32 {aka long int}' [-Wformat=]
Info: Linking snake.elf
nios2-elf-g++  -T'../snake_bsp//linker.x' -msys-crt0='../snake_bsp//obj/HAL/src/crt0.o' -msys-lib=hal_bsp -L../snake_bsp/  -msmallc  -Wl,-Map=snake.map   -Os -g -Wall   -mno-hw-div -mno-hw-mul -mno-hw-mulx -mgpopt=global  -o snake.elf obj/default/hello_world_small.o -lm -msys-lib=m
nios2-elf-insert snake.elf --thread_model hal --cpu_name cpu --qsys true --simulation_enabled false --id 0 --sidp 0x1001160 --timestamp 1644511074 --stderr_dev jtag_uart --stdin_dev jtag_uart --stdout_dev jtag_uart --sopc_system_name snake --quartus_project_dir "C:/Users/vacla/Projects/Medusa_IO/FPGAController" --jdi ../..//output_files/SnakeExperiment.jdi --sopcinfo C:/Users/vacla/Projects/Medusa_IO/FPGAController/software/snake_bsp/../../snake.sopcinfo
Info: (snake.elf) 17 KBytes program size (code + initialized data).
Info:             8173 KBytes free for stack + heap.
Info: Creating snake.objdump
nios2-elf-objdump --disassemble --syms --all-header --source snake.elf >snake.objdump
[snake build complete]
16:16:09 **** Incremental Build of configuration Nios II for project snake ****
make all 
Info: Building ../snake_bsp/
C:/intelFPGA_lite/18.1/nios2eds/bin/gnu/H-x86_64-mingw32/bin/make --no-print-directory -C ../snake_bsp/
[BSP build complete]
[snake build complete]
16:17:15 **** Build of configuration Nios II for project snake ****
make all 
Info: Building ../snake_bsp/
C:/intelFPGA_lite/18.1/nios2eds/bin/gnu/H-x86_64-mingw32/bin/make --no-print-directory -C ../snake_bsp/
[BSP build complete]
[snake build complete]
16:17:17 **** Incremental Build of configuration Nios II for project snake ****
make all 
Info: Building ../snake_bsp/
C:/intelFPGA_lite/18.1/nios2eds/bin/gnu/H-x86_64-mingw32/bin/make --no-print-directory -C ../snake_bsp/
[BSP build complete]
[snake build complete]
16:18:39 **** Build of configuration Nios II for project snake ****
make all 
Info: Building ../snake_bsp/
C:/intelFPGA_lite/18.1/nios2eds/bin/gnu/H-x86_64-mingw32/bin/make --no-print-directory -C ../snake_bsp/
[BSP build complete]
[snake build complete]
16:18:42 **** Incremental Build of configuration Nios II for project snake ****
make all 
Info: Building ../snake_bsp/
C:/intelFPGA_lite/18.1/nios2eds/bin/gnu/H-x86_64-mingw32/bin/make --no-print-directory -C ../snake_bsp/
[BSP build complete]
[snake build complete]
16:22:20 **** Incremental Build of configuration Nios II for project snake ****
make all 
Info: Building ../snake_bsp/
C:/intelFPGA_lite/18.1/nios2eds/bin/gnu/H-x86_64-mingw32/bin/make --no-print-directory -C ../snake_bsp/
[BSP build complete]
[snake build complete]
16:25:12 **** Build of configuration Nios II for project snake ****
make all 
Info: Building ../snake_bsp/
C:/intelFPGA_lite/18.1/nios2eds/bin/gnu/H-x86_64-mingw32/bin/make --no-print-directory -C ../snake_bsp/
[BSP build complete]
[snake build complete]
16:25:16 **** Incremental Build of configuration Nios II for project snake ****
make all 
Info: Building ../snake_bsp/
C:/intelFPGA_lite/18.1/nios2eds/bin/gnu/H-x86_64-mingw32/bin/make --no-print-directory -C ../snake_bsp/
[BSP build complete]
[snake build complete]
