Info: Starting: Create block symbol file (.bsf)
Info: qsys-generate C:\Users\micha\Desktop\Medusa_IO\FPGAController\snake.qsys --block-symbol-file --output-directory=C:\Users\micha\Desktop\Medusa_IO\FPGAController\snake --family="MAX 10" --part=10M50DAF484C6GES
Progress: Loading FPGAController/snake.qsys
Progress: Reading input file
Progress: Adding acc_timer [altera_avalon_timer 18.1]
Progress: Parameterizing module acc_timer
Progress: Adding accelerometer_spi [altera_up_avalon_accelerometer_spi 18.0]
Progress: Parameterizing module accelerometer_spi
Progress: Adding altpll [altpll 18.1]
Progress: Parameterizing module altpll
Progress: Adding button [altera_avalon_pio 18.1]
Progress: Parameterizing module button
Progress: Adding clk [clock_source 18.1]
Progress: Parameterizing module clk
Progress: Adding cpu [altera_nios2_gen2 18.1]
Progress: Parameterizing module cpu
Progress: Adding hardware_clocks [altera_avalon_pio 18.1]
Progress: Parameterizing module hardware_clocks
Progress: Adding hardware_in_x [altera_avalon_pio 18.1]
Progress: Parameterizing module hardware_in_x
Progress: Adding hardware_in_y [altera_avalon_pio 18.1]
Progress: Parameterizing module hardware_in_y
Progress: Adding hardware_in_z [altera_avalon_pio 18.1]
Progress: Parameterizing module hardware_in_z
Progress: Adding hardware_out_x [altera_avalon_pio 18.1]
Progress: Parameterizing module hardware_out_x
Progress: Adding hardware_out_y [altera_avalon_pio 18.1]
Progress: Parameterizing module hardware_out_y
Progress: Adding hardware_out_z [altera_avalon_pio 18.1]
Progress: Parameterizing module hardware_out_z
Progress: Adding hex0 [altera_avalon_pio 18.1]
Progress: Parameterizing module hex0
Progress: Adding hex1 [altera_avalon_pio 18.1]
Progress: Parameterizing module hex1
Progress: Adding hex2 [altera_avalon_pio 18.1]
Progress: Parameterizing module hex2
Progress: Adding hex3 [altera_avalon_pio 18.1]
Progress: Parameterizing module hex3
Progress: Adding hex4 [altera_avalon_pio 18.1]
Progress: Parameterizing module hex4
Progress: Adding hex5 [altera_avalon_pio 18.1]
Progress: Parameterizing module hex5
Progress: Adding hex_timer [altera_avalon_timer 18.1]
Progress: Parameterizing module hex_timer
Progress: Adding jtag_uart [altera_avalon_jtag_uart 18.1]
Progress: Parameterizing module jtag_uart
Progress: Adding led [altera_avalon_pio 18.1]
Progress: Parameterizing module led
Progress: Adding sdram [altera_avalon_new_sdram_controller 18.1]
Progress: Parameterizing module sdram
Progress: Adding switch [altera_avalon_pio 18.1]
Progress: Parameterizing module switch
Progress: Adding sysid [altera_avalon_sysid_qsys 18.1]
Progress: Parameterizing module sysid
Progress: Adding timer [altera_avalon_timer 18.1]
Progress: Parameterizing module timer
Progress: Adding timer0 [altera_avalon_timer 18.1]
Progress: Parameterizing module timer0
Progress: Adding timer1 [altera_avalon_timer 18.1]
Progress: Parameterizing module timer1
Progress: Adding timer3 [altera_avalon_timer 18.1]
Progress: Parameterizing module timer3
Progress: Adding timer4 [altera_avalon_timer 18.1]
Progress: Parameterizing module timer4
Progress: Adding timestamp_timer [altera_avalon_timer 18.1]
Progress: Parameterizing module timestamp_timer
Progress: Building connections
Progress: Parameterizing connections
Progress: Validating
Progress: Done reading input file
Info: snake.button: PIO inputs are not hardwired in test bench. Undefined values will be read from PIO inputs during simulation.
Info: snake.hardware_in_x: PIO inputs are not hardwired in test bench. Undefined values will be read from PIO inputs during simulation.
Info: snake.hardware_in_y: PIO inputs are not hardwired in test bench. Undefined values will be read from PIO inputs during simulation.
Info: snake.hardware_in_z: PIO inputs are not hardwired in test bench. Undefined values will be read from PIO inputs during simulation.
Info: snake.jtag_uart: JTAG UART IP input clock need to be at least double (2x) the operating frequency of JTAG TCK on board
Info: snake.sdram: SDRAM Controller will only be supported in Quartus Prime Standard Edition in the future release.
Info: snake.switch: PIO inputs are not hardwired in test bench. Undefined values will be read from PIO inputs during simulation.
Info: snake.sysid: System ID is not assigned automatically. Edit the System ID parameter to provide a unique ID
Info: snake.sysid: Time stamp will be automatically updated when this component is generated.
Info: qsys-generate succeeded.
Info: Finished: Create block symbol file (.bsf)
Info: 
Info: Starting: Create HDL design files for synthesis
Info: qsys-generate C:\Users\micha\Desktop\Medusa_IO\FPGAController\snake.qsys --synthesis=VERILOG --output-directory=C:\Users\micha\Desktop\Medusa_IO\FPGAController\snake\synthesis --family="MAX 10" --part=10M50DAF484C6GES
Progress: Loading FPGAController/snake.qsys
Progress: Reading input file
Progress: Adding acc_timer [altera_avalon_timer 18.1]
Progress: Parameterizing module acc_timer
Progress: Adding accelerometer_spi [altera_up_avalon_accelerometer_spi 18.0]
Progress: Parameterizing module accelerometer_spi
Progress: Adding altpll [altpll 18.1]
Progress: Parameterizing module altpll
Progress: Adding button [altera_avalon_pio 18.1]
Progress: Parameterizing module button
Progress: Adding clk [clock_source 18.1]
Progress: Parameterizing module clk
Progress: Adding cpu [altera_nios2_gen2 18.1]
Progress: Parameterizing module cpu
Progress: Adding hardware_clocks [altera_avalon_pio 18.1]
Progress: Parameterizing module hardware_clocks
Progress: Adding hardware_in_x [altera_avalon_pio 18.1]
Progress: Parameterizing module hardware_in_x
Progress: Adding hardware_in_y [altera_avalon_pio 18.1]
Progress: Parameterizing module hardware_in_y
Progress: Adding hardware_in_z [altera_avalon_pio 18.1]
Progress: Parameterizing module hardware_in_z
Progress: Adding hardware_out_x [altera_avalon_pio 18.1]
Progress: Parameterizing module hardware_out_x
Progress: Adding hardware_out_y [altera_avalon_pio 18.1]
Progress: Parameterizing module hardware_out_y
Progress: Adding hardware_out_z [altera_avalon_pio 18.1]
Progress: Parameterizing module hardware_out_z
Progress: Adding hex0 [altera_avalon_pio 18.1]
Progress: Parameterizing module hex0
Progress: Adding hex1 [altera_avalon_pio 18.1]
Progress: Parameterizing module hex1
Progress: Adding hex2 [altera_avalon_pio 18.1]
Progress: Parameterizing module hex2
Progress: Adding hex3 [altera_avalon_pio 18.1]
Progress: Parameterizing module hex3
Progress: Adding hex4 [altera_avalon_pio 18.1]
Progress: Parameterizing module hex4
Progress: Adding hex5 [altera_avalon_pio 18.1]
Progress: Parameterizing module hex5
Progress: Adding hex_timer [altera_avalon_timer 18.1]
Progress: Parameterizing module hex_timer
Progress: Adding jtag_uart [altera_avalon_jtag_uart 18.1]
Progress: Parameterizing module jtag_uart
Progress: Adding led [altera_avalon_pio 18.1]
Progress: Parameterizing module led
Progress: Adding sdram [altera_avalon_new_sdram_controller 18.1]
Progress: Parameterizing module sdram
Progress: Adding switch [altera_avalon_pio 18.1]
Progress: Parameterizing module switch
Progress: Adding sysid [altera_avalon_sysid_qsys 18.1]
Progress: Parameterizing module sysid
Progress: Adding timer [altera_avalon_timer 18.1]
Progress: Parameterizing module timer
Progress: Adding timer0 [altera_avalon_timer 18.1]
Progress: Parameterizing module timer0
Progress: Adding timer1 [altera_avalon_timer 18.1]
Progress: Parameterizing module timer1
Progress: Adding timer3 [altera_avalon_timer 18.1]
Progress: Parameterizing module timer3
Progress: Adding timer4 [altera_avalon_timer 18.1]
Progress: Parameterizing module timer4
Progress: Adding timestamp_timer [altera_avalon_timer 18.1]
Progress: Parameterizing module timestamp_timer
Progress: Building connections
Progress: Parameterizing connections
Progress: Validating
Progress: Done reading input file
Info: snake.button: PIO inputs are not hardwired in test bench. Undefined values will be read from PIO inputs during simulation.
Info: snake.hardware_in_x: PIO inputs are not hardwired in test bench. Undefined values will be read from PIO inputs during simulation.
Info: snake.hardware_in_y: PIO inputs are not hardwired in test bench. Undefined values will be read from PIO inputs during simulation.
Info: snake.hardware_in_z: PIO inputs are not hardwired in test bench. Undefined values will be read from PIO inputs during simulation.
Info: snake.jtag_uart: JTAG UART IP input clock need to be at least double (2x) the operating frequency of JTAG TCK on board
Info: snake.sdram: SDRAM Controller will only be supported in Quartus Prime Standard Edition in the future release.
Info: snake.switch: PIO inputs are not hardwired in test bench. Undefined values will be read from PIO inputs during simulation.
Info: snake.sysid: System ID is not assigned automatically. Edit the System ID parameter to provide a unique ID
Info: snake.sysid: Time stamp will be automatically updated when this component is generated.
Info: snake: Generating snake "snake" for QUARTUS_SYNTH
Info: Inserting clock-crossing logic between cmd_demux.src4 and cmd_mux_004.sink0
Info: Inserting clock-crossing logic between rsp_demux_004.src0 and rsp_mux.sink4
Info: acc_timer: Starting RTL generation for module 'snake_acc_timer'
Info: acc_timer:   Generation command is [exec C:/intelFPGA_lite/18.1/quartus/bin64//perl/bin/perl.exe -I C:/intelFPGA_lite/18.1/quartus/bin64//perl/lib -I C:/intelfpga_lite/18.1/quartus/sopc_builder/bin/europa -I C:/intelfpga_lite/18.1/quartus/sopc_builder/bin/perl_lib -I C:/intelfpga_lite/18.1/quartus/sopc_builder/bin -I C:/intelfpga_lite/18.1/quartus/../ip/altera/sopc_builder_ip/common -I C:/intelfpga_lite/18.1/quartus/../ip/altera/sopc_builder_ip/altera_avalon_timer -- C:/intelfpga_lite/18.1/quartus/../ip/altera/sopc_builder_ip/altera_avalon_timer/generate_rtl.pl --name=snake_acc_timer --dir=C:/Users/micha/AppData/Local/Temp/alt9070_6184414452338714598.dir/0022_acc_timer_gen/ --quartus_dir=C:/intelfpga_lite/18.1/quartus --verilog --config=C:/Users/micha/AppData/Local/Temp/alt9070_6184414452338714598.dir/0022_acc_timer_gen//snake_acc_timer_component_configuration.pl  --do_build_sim=0  ]
Info: acc_timer: Done RTL generation for module 'snake_acc_timer'
Info: acc_timer: "snake" instantiated altera_avalon_timer "acc_timer"
Info: accelerometer_spi: Starting Generation of the Accelerometer Controller in SPI mode
Info: accelerometer_spi: "snake" instantiated altera_up_avalon_accelerometer_spi "accelerometer_spi"
Info: altpll: "snake" instantiated altpll "altpll"
Info: button: Starting RTL generation for module 'snake_button'
Info: button:   Generation command is [exec C:/intelfpga_lite/18.1/quartus/bin64/perl/bin/perl.exe -I C:/intelfpga_lite/18.1/quartus/bin64/perl/lib -I C:/intelfpga_lite/18.1/quartus/sopc_builder/bin/europa -I C:/intelfpga_lite/18.1/quartus/sopc_builder/bin/perl_lib -I C:/intelfpga_lite/18.1/quartus/sopc_builder/bin -I C:/intelfpga_lite/18.1/quartus/../ip/altera/sopc_builder_ip/common -I C:/intelfpga_lite/18.1/quartus/../ip/altera/sopc_builder_ip/altera_avalon_pio -- C:/intelfpga_lite/18.1/quartus/../ip/altera/sopc_builder_ip/altera_avalon_pio/generate_rtl.pl --name=snake_button --dir=C:/Users/micha/AppData/Local/Temp/alt9070_6184414452338714598.dir/0026_button_gen/ --quartus_dir=C:/intelfpga_lite/18.1/quartus --verilog --config=C:/Users/micha/AppData/Local/Temp/alt9070_6184414452338714598.dir/0026_button_gen//snake_button_component_configuration.pl  --do_build_sim=0  ]
Info: button: Done RTL generation for module 'snake_button'
Info: button: "snake" instantiated altera_avalon_pio "button"
Info: cpu: "snake" instantiated altera_nios2_gen2 "cpu"
Info: hardware_clocks: Starting RTL generation for module 'snake_hardware_clocks'
Info: hardware_clocks:   Generation command is [exec C:/intelfpga_lite/18.1/quartus/bin64/perl/bin/perl.exe -I C:/intelfpga_lite/18.1/quartus/bin64/perl/lib -I C:/intelfpga_lite/18.1/quartus/sopc_builder/bin/europa -I C:/intelfpga_lite/18.1/quartus/sopc_builder/bin/perl_lib -I C:/intelfpga_lite/18.1/quartus/sopc_builder/bin -I C:/intelfpga_lite/18.1/quartus/../ip/altera/sopc_builder_ip/common -I C:/intelfpga_lite/18.1/quartus/../ip/altera/sopc_builder_ip/altera_avalon_pio -- C:/intelfpga_lite/18.1/quartus/../ip/altera/sopc_builder_ip/altera_avalon_pio/generate_rtl.pl --name=snake_hardware_clocks --dir=C:/Users/micha/AppData/Local/Temp/alt9070_6184414452338714598.dir/0027_hardware_clocks_gen/ --quartus_dir=C:/intelfpga_lite/18.1/quartus --verilog --config=C:/Users/micha/AppData/Local/Temp/alt9070_6184414452338714598.dir/0027_hardware_clocks_gen//snake_hardware_clocks_component_configuration.pl  --do_build_sim=0  ]
Info: hardware_clocks: Done RTL generation for module 'snake_hardware_clocks'
Info: hardware_clocks: "snake" instantiated altera_avalon_pio "hardware_clocks"
Info: hardware_in_x: Starting RTL generation for module 'snake_hardware_in_x'
Info: hardware_in_x:   Generation command is [exec C:/intelfpga_lite/18.1/quartus/bin64/perl/bin/perl.exe -I C:/intelfpga_lite/18.1/quartus/bin64/perl/lib -I C:/intelfpga_lite/18.1/quartus/sopc_builder/bin/europa -I C:/intelfpga_lite/18.1/quartus/sopc_builder/bin/perl_lib -I C:/intelfpga_lite/18.1/quartus/sopc_builder/bin -I C:/intelfpga_lite/18.1/quartus/../ip/altera/sopc_builder_ip/common -I C:/intelfpga_lite/18.1/quartus/../ip/altera/sopc_builder_ip/altera_avalon_pio -- C:/intelfpga_lite/18.1/quartus/../ip/altera/sopc_builder_ip/altera_avalon_pio/generate_rtl.pl --name=snake_hardware_in_x --dir=C:/Users/micha/AppData/Local/Temp/alt9070_6184414452338714598.dir/0028_hardware_in_x_gen/ --quartus_dir=C:/intelfpga_lite/18.1/quartus --verilog --config=C:/Users/micha/AppData/Local/Temp/alt9070_6184414452338714598.dir/0028_hardware_in_x_gen//snake_hardware_in_x_component_configuration.pl  --do_build_sim=0  ]
Info: hardware_in_x: Done RTL generation for module 'snake_hardware_in_x'
Info: hardware_in_x: "snake" instantiated altera_avalon_pio "hardware_in_x"
Info: hardware_out_x: Starting RTL generation for module 'snake_hardware_out_x'
Info: hardware_out_x:   Generation command is [exec C:/intelfpga_lite/18.1/quartus/bin64/perl/bin/perl.exe -I C:/intelfpga_lite/18.1/quartus/bin64/perl/lib -I C:/intelfpga_lite/18.1/quartus/sopc_builder/bin/europa -I C:/intelfpga_lite/18.1/quartus/sopc_builder/bin/perl_lib -I C:/intelfpga_lite/18.1/quartus/sopc_builder/bin -I C:/intelfpga_lite/18.1/quartus/../ip/altera/sopc_builder_ip/common -I C:/intelfpga_lite/18.1/quartus/../ip/altera/sopc_builder_ip/altera_avalon_pio -- C:/intelfpga_lite/18.1/quartus/../ip/altera/sopc_builder_ip/altera_avalon_pio/generate_rtl.pl --name=snake_hardware_out_x --dir=C:/Users/micha/AppData/Local/Temp/alt9070_6184414452338714598.dir/0029_hardware_out_x_gen/ --quartus_dir=C:/intelfpga_lite/18.1/quartus --verilog --config=C:/Users/micha/AppData/Local/Temp/alt9070_6184414452338714598.dir/0029_hardware_out_x_gen//snake_hardware_out_x_component_configuration.pl  --do_build_sim=0  ]
Info: hardware_out_x: Done RTL generation for module 'snake_hardware_out_x'
Info: hardware_out_x: "snake" instantiated altera_avalon_pio "hardware_out_x"
Info: hex0: Starting RTL generation for module 'snake_hex0'
Info: hex0:   Generation command is [exec C:/intelfpga_lite/18.1/quartus/bin64/perl/bin/perl.exe -I C:/intelfpga_lite/18.1/quartus/bin64/perl/lib -I C:/intelfpga_lite/18.1/quartus/sopc_builder/bin/europa -I C:/intelfpga_lite/18.1/quartus/sopc_builder/bin/perl_lib -I C:/intelfpga_lite/18.1/quartus/sopc_builder/bin -I C:/intelfpga_lite/18.1/quartus/../ip/altera/sopc_builder_ip/common -I C:/intelfpga_lite/18.1/quartus/../ip/altera/sopc_builder_ip/altera_avalon_pio -- C:/intelfpga_lite/18.1/quartus/../ip/altera/sopc_builder_ip/altera_avalon_pio/generate_rtl.pl --name=snake_hex0 --dir=C:/Users/micha/AppData/Local/Temp/alt9070_6184414452338714598.dir/0030_hex0_gen/ --quartus_dir=C:/intelfpga_lite/18.1/quartus --verilog --config=C:/Users/micha/AppData/Local/Temp/alt9070_6184414452338714598.dir/0030_hex0_gen//snake_hex0_component_configuration.pl  --do_build_sim=0  ]
Info: hex0: Done RTL generation for module 'snake_hex0'
Info: hex0: "snake" instantiated altera_avalon_pio "hex0"
Info: hex1: Starting RTL generation for module 'snake_hex1'
Info: hex1:   Generation command is [exec C:/intelfpga_lite/18.1/quartus/bin64/perl/bin/perl.exe -I C:/intelfpga_lite/18.1/quartus/bin64/perl/lib -I C:/intelfpga_lite/18.1/quartus/sopc_builder/bin/europa -I C:/intelfpga_lite/18.1/quartus/sopc_builder/bin/perl_lib -I C:/intelfpga_lite/18.1/quartus/sopc_builder/bin -I C:/intelfpga_lite/18.1/quartus/../ip/altera/sopc_builder_ip/common -I C:/intelfpga_lite/18.1/quartus/../ip/altera/sopc_builder_ip/altera_avalon_pio -- C:/intelfpga_lite/18.1/quartus/../ip/altera/sopc_builder_ip/altera_avalon_pio/generate_rtl.pl --name=snake_hex1 --dir=C:/Users/micha/AppData/Local/Temp/alt9070_6184414452338714598.dir/0031_hex1_gen/ --quartus_dir=C:/intelfpga_lite/18.1/quartus --verilog --config=C:/Users/micha/AppData/Local/Temp/alt9070_6184414452338714598.dir/0031_hex1_gen//snake_hex1_component_configuration.pl  --do_build_sim=0  ]
Info: hex1: Done RTL generation for module 'snake_hex1'
Info: hex1: "snake" instantiated altera_avalon_pio "hex1"
Info: hex2: Starting RTL generation for module 'snake_hex2'
Info: hex2:   Generation command is [exec C:/intelfpga_lite/18.1/quartus/bin64/perl/bin/perl.exe -I C:/intelfpga_lite/18.1/quartus/bin64/perl/lib -I C:/intelfpga_lite/18.1/quartus/sopc_builder/bin/europa -I C:/intelfpga_lite/18.1/quartus/sopc_builder/bin/perl_lib -I C:/intelfpga_lite/18.1/quartus/sopc_builder/bin -I C:/intelfpga_lite/18.1/quartus/../ip/altera/sopc_builder_ip/common -I C:/intelfpga_lite/18.1/quartus/../ip/altera/sopc_builder_ip/altera_avalon_pio -- C:/intelfpga_lite/18.1/quartus/../ip/altera/sopc_builder_ip/altera_avalon_pio/generate_rtl.pl --name=snake_hex2 --dir=C:/Users/micha/AppData/Local/Temp/alt9070_6184414452338714598.dir/0032_hex2_gen/ --quartus_dir=C:/intelfpga_lite/18.1/quartus --verilog --config=C:/Users/micha/AppData/Local/Temp/alt9070_6184414452338714598.dir/0032_hex2_gen//snake_hex2_component_configuration.pl  --do_build_sim=0  ]
Info: hex2: Done RTL generation for module 'snake_hex2'
Info: hex2: "snake" instantiated altera_avalon_pio "hex2"
Info: hex3: Starting RTL generation for module 'snake_hex3'
Info: hex3:   Generation command is [exec C:/intelfpga_lite/18.1/quartus/bin64/perl/bin/perl.exe -I C:/intelfpga_lite/18.1/quartus/bin64/perl/lib -I C:/intelfpga_lite/18.1/quartus/sopc_builder/bin/europa -I C:/intelfpga_lite/18.1/quartus/sopc_builder/bin/perl_lib -I C:/intelfpga_lite/18.1/quartus/sopc_builder/bin -I C:/intelfpga_lite/18.1/quartus/../ip/altera/sopc_builder_ip/common -I C:/intelfpga_lite/18.1/quartus/../ip/altera/sopc_builder_ip/altera_avalon_pio -- C:/intelfpga_lite/18.1/quartus/../ip/altera/sopc_builder_ip/altera_avalon_pio/generate_rtl.pl --name=snake_hex3 --dir=C:/Users/micha/AppData/Local/Temp/alt9070_6184414452338714598.dir/0033_hex3_gen/ --quartus_dir=C:/intelfpga_lite/18.1/quartus --verilog --config=C:/Users/micha/AppData/Local/Temp/alt9070_6184414452338714598.dir/0033_hex3_gen//snake_hex3_component_configuration.pl  --do_build_sim=0  ]
Info: hex3: Done RTL generation for module 'snake_hex3'
Info: hex3: "snake" instantiated altera_avalon_pio "hex3"
Info: hex4: Starting RTL generation for module 'snake_hex4'
Info: hex4:   Generation command is [exec C:/intelfpga_lite/18.1/quartus/bin64/perl/bin/perl.exe -I C:/intelfpga_lite/18.1/quartus/bin64/perl/lib -I C:/intelfpga_lite/18.1/quartus/sopc_builder/bin/europa -I C:/intelfpga_lite/18.1/quartus/sopc_builder/bin/perl_lib -I C:/intelfpga_lite/18.1/quartus/sopc_builder/bin -I C:/intelfpga_lite/18.1/quartus/../ip/altera/sopc_builder_ip/common -I C:/intelfpga_lite/18.1/quartus/../ip/altera/sopc_builder_ip/altera_avalon_pio -- C:/intelfpga_lite/18.1/quartus/../ip/altera/sopc_builder_ip/altera_avalon_pio/generate_rtl.pl --name=snake_hex4 --dir=C:/Users/micha/AppData/Local/Temp/alt9070_6184414452338714598.dir/0034_hex4_gen/ --quartus_dir=C:/intelfpga_lite/18.1/quartus --verilog --config=C:/Users/micha/AppData/Local/Temp/alt9070_6184414452338714598.dir/0034_hex4_gen//snake_hex4_component_configuration.pl  --do_build_sim=0  ]
Info: hex4: Done RTL generation for module 'snake_hex4'
Info: hex4: "snake" instantiated altera_avalon_pio "hex4"
Info: hex5: Starting RTL generation for module 'snake_hex5'
Info: hex5:   Generation command is [exec C:/intelfpga_lite/18.1/quartus/bin64/perl/bin/perl.exe -I C:/intelfpga_lite/18.1/quartus/bin64/perl/lib -I C:/intelfpga_lite/18.1/quartus/sopc_builder/bin/europa -I C:/intelfpga_lite/18.1/quartus/sopc_builder/bin/perl_lib -I C:/intelfpga_lite/18.1/quartus/sopc_builder/bin -I C:/intelfpga_lite/18.1/quartus/../ip/altera/sopc_builder_ip/common -I C:/intelfpga_lite/18.1/quartus/../ip/altera/sopc_builder_ip/altera_avalon_pio -- C:/intelfpga_lite/18.1/quartus/../ip/altera/sopc_builder_ip/altera_avalon_pio/generate_rtl.pl --name=snake_hex5 --dir=C:/Users/micha/AppData/Local/Temp/alt9070_6184414452338714598.dir/0035_hex5_gen/ --quartus_dir=C:/intelfpga_lite/18.1/quartus --verilog --config=C:/Users/micha/AppData/Local/Temp/alt9070_6184414452338714598.dir/0035_hex5_gen//snake_hex5_component_configuration.pl  --do_build_sim=0  ]
Info: hex5: Done RTL generation for module 'snake_hex5'
Info: hex5: "snake" instantiated altera_avalon_pio "hex5"
Info: jtag_uart: Starting RTL generation for module 'snake_jtag_uart'
Info: jtag_uart:   Generation command is [exec C:/intelfpga_lite/18.1/quartus/bin64/perl/bin/perl.exe -I C:/intelfpga_lite/18.1/quartus/bin64/perl/lib -I C:/intelfpga_lite/18.1/quartus/sopc_builder/bin/europa -I C:/intelfpga_lite/18.1/quartus/sopc_builder/bin/perl_lib -I C:/intelfpga_lite/18.1/quartus/sopc_builder/bin -I C:/intelfpga_lite/18.1/quartus/../ip/altera/sopc_builder_ip/common -I C:/intelfpga_lite/18.1/quartus/../ip/altera/sopc_builder_ip/altera_avalon_jtag_uart -- C:/intelfpga_lite/18.1/quartus/../ip/altera/sopc_builder_ip/altera_avalon_jtag_uart/generate_rtl.pl --name=snake_jtag_uart --dir=C:/Users/micha/AppData/Local/Temp/alt9070_6184414452338714598.dir/0036_jtag_uart_gen/ --quartus_dir=C:/intelfpga_lite/18.1/quartus --verilog --config=C:/Users/micha/AppData/Local/Temp/alt9070_6184414452338714598.dir/0036_jtag_uart_gen//snake_jtag_uart_component_configuration.pl  --do_build_sim=0  ]
Info: jtag_uart: Done RTL generation for module 'snake_jtag_uart'
Info: jtag_uart: "snake" instantiated altera_avalon_jtag_uart "jtag_uart"
Info: led: Starting RTL generation for module 'snake_led'
Info: led:   Generation command is [exec C:/intelfpga_lite/18.1/quartus/bin64/perl/bin/perl.exe -I C:/intelfpga_lite/18.1/quartus/bin64/perl/lib -I C:/intelfpga_lite/18.1/quartus/sopc_builder/bin/europa -I C:/intelfpga_lite/18.1/quartus/sopc_builder/bin/perl_lib -I C:/intelfpga_lite/18.1/quartus/sopc_builder/bin -I C:/intelfpga_lite/18.1/quartus/../ip/altera/sopc_builder_ip/common -I C:/intelfpga_lite/18.1/quartus/../ip/altera/sopc_builder_ip/altera_avalon_pio -- C:/intelfpga_lite/18.1/quartus/../ip/altera/sopc_builder_ip/altera_avalon_pio/generate_rtl.pl --name=snake_led --dir=C:/Users/micha/AppData/Local/Temp/alt9070_6184414452338714598.dir/0037_led_gen/ --quartus_dir=C:/intelfpga_lite/18.1/quartus --verilog --config=C:/Users/micha/AppData/Local/Temp/alt9070_6184414452338714598.dir/0037_led_gen//snake_led_component_configuration.pl  --do_build_sim=0  ]
Info: led: Done RTL generation for module 'snake_led'
Info: led: "snake" instantiated altera_avalon_pio "led"
Info: sdram: Starting RTL generation for module 'snake_sdram'
Info: sdram:   Generation command is [exec C:/intelfpga_lite/18.1/quartus/bin64/perl/bin/perl.exe -I C:/intelfpga_lite/18.1/quartus/bin64/perl/lib -I C:/intelfpga_lite/18.1/quartus/sopc_builder/bin/europa -I C:/intelfpga_lite/18.1/quartus/sopc_builder/bin/perl_lib -I C:/intelfpga_lite/18.1/quartus/sopc_builder/bin -I C:/intelfpga_lite/18.1/quartus/../ip/altera/sopc_builder_ip/common -I C:/intelfpga_lite/18.1/quartus/../ip/altera/sopc_builder_ip/altera_avalon_new_sdram_controller -- C:/intelfpga_lite/18.1/quartus/../ip/altera/sopc_builder_ip/altera_avalon_new_sdram_controller/generate_rtl.pl --name=snake_sdram --dir=C:/Users/micha/AppData/Local/Temp/alt9070_6184414452338714598.dir/0038_sdram_gen/ --quartus_dir=C:/intelfpga_lite/18.1/quartus --verilog --config=C:/Users/micha/AppData/Local/Temp/alt9070_6184414452338714598.dir/0038_sdram_gen//snake_sdram_component_configuration.pl  --do_build_sim=0  ]
Info: sdram: Done RTL generation for module 'snake_sdram'
Info: sdram: "snake" instantiated altera_avalon_new_sdram_controller "sdram"
Info: switch: Starting RTL generation for module 'snake_switch'
Info: switch:   Generation command is [exec C:/intelfpga_lite/18.1/quartus/bin64/perl/bin/perl.exe -I C:/intelfpga_lite/18.1/quartus/bin64/perl/lib -I C:/intelfpga_lite/18.1/quartus/sopc_builder/bin/europa -I C:/intelfpga_lite/18.1/quartus/sopc_builder/bin/perl_lib -I C:/intelfpga_lite/18.1/quartus/sopc_builder/bin -I C:/intelfpga_lite/18.1/quartus/../ip/altera/sopc_builder_ip/common -I C:/intelfpga_lite/18.1/quartus/../ip/altera/sopc_builder_ip/altera_avalon_pio -- C:/intelfpga_lite/18.1/quartus/../ip/altera/sopc_builder_ip/altera_avalon_pio/generate_rtl.pl --name=snake_switch --dir=C:/Users/micha/AppData/Local/Temp/alt9070_6184414452338714598.dir/0039_switch_gen/ --quartus_dir=C:/intelfpga_lite/18.1/quartus --verilog --config=C:/Users/micha/AppData/Local/Temp/alt9070_6184414452338714598.dir/0039_switch_gen//snake_switch_component_configuration.pl  --do_build_sim=0  ]
Info: switch: Done RTL generation for module 'snake_switch'
Info: switch: "snake" instantiated altera_avalon_pio "switch"
Info: sysid: "snake" instantiated altera_avalon_sysid_qsys "sysid"
Info: timer3: Starting RTL generation for module 'snake_timer3'
Info: timer3:   Generation command is [exec C:/intelFPGA_lite/18.1/quartus/bin64//perl/bin/perl.exe -I C:/intelFPGA_lite/18.1/quartus/bin64//perl/lib -I C:/intelfpga_lite/18.1/quartus/sopc_builder/bin/europa -I C:/intelfpga_lite/18.1/quartus/sopc_builder/bin/perl_lib -I C:/intelfpga_lite/18.1/quartus/sopc_builder/bin -I C:/intelfpga_lite/18.1/quartus/../ip/altera/sopc_builder_ip/common -I C:/intelfpga_lite/18.1/quartus/../ip/altera/sopc_builder_ip/altera_avalon_timer -- C:/intelfpga_lite/18.1/quartus/../ip/altera/sopc_builder_ip/altera_avalon_timer/generate_rtl.pl --name=snake_timer3 --dir=C:/Users/micha/AppData/Local/Temp/alt9070_6184414452338714598.dir/0041_timer3_gen/ --quartus_dir=C:/intelfpga_lite/18.1/quartus --verilog --config=C:/Users/micha/AppData/Local/Temp/alt9070_6184414452338714598.dir/0041_timer3_gen//snake_timer3_component_configuration.pl  --do_build_sim=0  ]
Info: timer3: Done RTL generation for module 'snake_timer3'
Info: timer3: "snake" instantiated altera_avalon_timer "timer3"
Info: avalon_st_adapter: Inserting error_adapter: error_adapter_0
Info: avalon_st_adapter_001: Inserting error_adapter: error_adapter_0
Info: avalon_st_adapter_002: Inserting error_adapter: error_adapter_0
Info: avalon_st_adapter_003: Inserting error_adapter: error_adapter_0
Info: avalon_st_adapter_004: Inserting error_adapter: error_adapter_0
Info: avalon_st_adapter_005: Inserting error_adapter: error_adapter_0
Info: avalon_st_adapter_006: Inserting error_adapter: error_adapter_0
Info: avalon_st_adapter_007: Inserting error_adapter: error_adapter_0
Info: avalon_st_adapter_008: Inserting error_adapter: error_adapter_0
Info: avalon_st_adapter_009: Inserting error_adapter: error_adapter_0
Info: avalon_st_adapter_010: Inserting error_adapter: error_adapter_0
Info: avalon_st_adapter_011: Inserting error_adapter: error_adapter_0
Info: avalon_st_adapter_012: Inserting error_adapter: error_adapter_0
Info: avalon_st_adapter_013: Inserting error_adapter: error_adapter_0
Info: avalon_st_adapter_014: Inserting error_adapter: error_adapter_0
Info: avalon_st_adapter_015: Inserting error_adapter: error_adapter_0
Info: avalon_st_adapter_016: Inserting error_adapter: error_adapter_0
Info: avalon_st_adapter_017: Inserting error_adapter: error_adapter_0
Info: avalon_st_adapter_018: Inserting error_adapter: error_adapter_0
Info: avalon_st_adapter_019: Inserting error_adapter: error_adapter_0
Info: avalon_st_adapter_020: Inserting error_adapter: error_adapter_0
Info: avalon_st_adapter_021: Inserting error_adapter: error_adapter_0
Info: avalon_st_adapter_022: Inserting error_adapter: error_adapter_0
Info: avalon_st_adapter_023: Inserting error_adapter: error_adapter_0
Info: avalon_st_adapter_024: Inserting error_adapter: error_adapter_0
Info: avalon_st_adapter_025: Inserting error_adapter: error_adapter_0
Info: avalon_st_adapter_026: Inserting error_adapter: error_adapter_0
Info: avalon_st_adapter_027: Inserting error_adapter: error_adapter_0
Info: avalon_st_adapter_028: Inserting error_adapter: error_adapter_0
Info: avalon_st_adapter_029: Inserting error_adapter: error_adapter_0
Info: mm_interconnect_0: "snake" instantiated altera_mm_interconnect "mm_interconnect_0"
Info: irq_mapper: "snake" instantiated altera_irq_mapper "irq_mapper"
Info: rst_controller: "snake" instantiated altera_reset_controller "rst_controller"
Info: cpu: Starting RTL generation for module 'snake_cpu_cpu'
Info: cpu:   Generation command is [exec C:/intelFPGA_lite/18.1/quartus/bin64//eperlcmd.exe -I C:/intelFPGA_lite/18.1/quartus/bin64//perl/lib -I C:/intelfpga_lite/18.1/quartus/sopc_builder/bin/europa -I C:/intelfpga_lite/18.1/quartus/sopc_builder/bin/perl_lib -I C:/intelfpga_lite/18.1/quartus/sopc_builder/bin -I C:/intelfpga_lite/18.1/quartus/../ip/altera/nios2_ip/altera_nios2_gen2/cpu_lib -I C:/intelfpga_lite/18.1/quartus/../ip/altera/nios2_ip/altera_nios2_gen2/nios_lib -I C:/intelfpga_lite/18.1/quartus/../ip/altera/nios2_ip/altera_nios2_gen2 -I C:/intelfpga_lite/18.1/quartus/../ip/altera/nios2_ip/altera_nios2_gen2 -- C:/intelfpga_lite/18.1/quartus/../ip/altera/nios2_ip/altera_nios2_gen2/generate_rtl.epl --name=snake_cpu_cpu --dir=C:/Users/micha/AppData/Local/Temp/alt9070_6184414452338714598.dir/0044_cpu_gen/ --quartus_bindir=C:/intelFPGA_lite/18.1/quartus/bin64/ --verilog --config=C:/Users/micha/AppData/Local/Temp/alt9070_6184414452338714598.dir/0044_cpu_gen//snake_cpu_cpu_processor_configuration.pl  --do_build_sim=0  ]
Info: cpu: # 2022.03.19 18:28:17 (*) Starting Nios II generation
Info: cpu: # 2022.03.19 18:28:17 (*)   Checking for plaintext license.
Info: cpu: # 2022.03.19 18:28:18 (*)   Couldn't query license setup in Quartus directory C:/intelFPGA_lite/18.1/quartus/bin64/
Info: cpu: # 2022.03.19 18:28:18 (*)   Defaulting to contents of LM_LICENSE_FILE environment variable
Info: cpu: # 2022.03.19 18:28:18 (*)   LM_LICENSE_FILE environment variable is empty
Info: cpu: # 2022.03.19 18:28:18 (*)   Plaintext license not found.
Info: cpu: # 2022.03.19 18:28:18 (*)   No license required to generate encrypted Nios II/e.
Info: cpu: # 2022.03.19 18:28:18 (*)   Elaborating CPU configuration settings
Info: cpu: # 2022.03.19 18:28:18 (*)   Creating all objects for CPU
Info: cpu: # 2022.03.19 18:28:20 (*)   Generating RTL from CPU objects
Info: cpu: # 2022.03.19 18:28:20 (*)   Creating plain-text RTL
Info: cpu: # 2022.03.19 18:28:21 (*) Done Nios II generation
Info: cpu: Done RTL generation for module 'snake_cpu_cpu'
Info: cpu: "cpu" instantiated altera_nios2_gen2_unit "cpu"
Info: cpu_data_master_translator: "mm_interconnect_0" instantiated altera_merlin_master_translator "cpu_data_master_translator"
Info: accelerometer_spi_avalon_accelerometer_spi_mode_slave_translator: "mm_interconnect_0" instantiated altera_merlin_slave_translator "accelerometer_spi_avalon_accelerometer_spi_mode_slave_translator"
Info: cpu_data_master_agent: "mm_interconnect_0" instantiated altera_merlin_master_agent "cpu_data_master_agent"
Info: accelerometer_spi_avalon_accelerometer_spi_mode_slave_agent: "mm_interconnect_0" instantiated altera_merlin_slave_agent "accelerometer_spi_avalon_accelerometer_spi_mode_slave_agent"
Info: accelerometer_spi_avalon_accelerometer_spi_mode_slave_agent_rsp_fifo: "mm_interconnect_0" instantiated altera_avalon_sc_fifo "accelerometer_spi_avalon_accelerometer_spi_mode_slave_agent_rsp_fifo"
Info: router: "mm_interconnect_0" instantiated altera_merlin_router "router"
Info: router_001: "mm_interconnect_0" instantiated altera_merlin_router "router_001"
Info: router_002: "mm_interconnect_0" instantiated altera_merlin_router "router_002"
Info: router_003: "mm_interconnect_0" instantiated altera_merlin_router "router_003"
Info: router_005: "mm_interconnect_0" instantiated altera_merlin_router "router_005"
Info: router_007: "mm_interconnect_0" instantiated altera_merlin_router "router_007"
Info: accelerometer_spi_avalon_accelerometer_spi_mode_slave_burst_adapter: "mm_interconnect_0" instantiated altera_merlin_burst_adapter "accelerometer_spi_avalon_accelerometer_spi_mode_slave_burst_adapter"
Info: cmd_demux: "mm_interconnect_0" instantiated altera_merlin_demultiplexer "cmd_demux"
Info: cmd_demux_001: "mm_interconnect_0" instantiated altera_merlin_demultiplexer "cmd_demux_001"
Info: cmd_mux: "mm_interconnect_0" instantiated altera_merlin_multiplexer "cmd_mux"
Info: cmd_mux_003: "mm_interconnect_0" instantiated altera_merlin_multiplexer "cmd_mux_003"
Info: Reusing file C:/Users/micha/Desktop/Medusa_IO/FPGAController/snake/synthesis/submodules/altera_merlin_arbitrator.sv
Info: rsp_demux: "mm_interconnect_0" instantiated altera_merlin_demultiplexer "rsp_demux"
Info: rsp_demux_004: "mm_interconnect_0" instantiated altera_merlin_demultiplexer "rsp_demux_004"
Info: rsp_mux: "mm_interconnect_0" instantiated altera_merlin_multiplexer "rsp_mux"
Info: Reusing file C:/Users/micha/Desktop/Medusa_IO/FPGAController/snake/synthesis/submodules/altera_merlin_arbitrator.sv
Info: rsp_mux_001: "mm_interconnect_0" instantiated altera_merlin_multiplexer "rsp_mux_001"
Info: Reusing file C:/Users/micha/Desktop/Medusa_IO/FPGAController/snake/synthesis/submodules/altera_merlin_arbitrator.sv
Info: accelerometer_spi_avalon_accelerometer_spi_mode_slave_rsp_width_adapter: "mm_interconnect_0" instantiated altera_merlin_width_adapter "accelerometer_spi_avalon_accelerometer_spi_mode_slave_rsp_width_adapter"
Info: Reusing file C:/Users/micha/Desktop/Medusa_IO/FPGAController/snake/synthesis/submodules/altera_merlin_address_alignment.sv
Info: Reusing file C:/Users/micha/Desktop/Medusa_IO/FPGAController/snake/synthesis/submodules/altera_merlin_burst_uncompressor.sv
Info: crosser: "mm_interconnect_0" instantiated altera_avalon_st_handshake_clock_crosser "crosser"
Info: Reusing file C:/Users/micha/Desktop/Medusa_IO/FPGAController/snake/synthesis/submodules/altera_avalon_st_pipeline_base.v
Info: avalon_st_adapter: "mm_interconnect_0" instantiated altera_avalon_st_adapter "avalon_st_adapter"
Info: avalon_st_adapter_001: "mm_interconnect_0" instantiated altera_avalon_st_adapter "avalon_st_adapter_001"
Info: avalon_st_adapter_005: "mm_interconnect_0" instantiated altera_avalon_st_adapter "avalon_st_adapter_005"
Info: error_adapter_0: "avalon_st_adapter" instantiated error_adapter "error_adapter_0"
Info: error_adapter_0: "avalon_st_adapter_001" instantiated error_adapter "error_adapter_0"
Info: error_adapter_0: "avalon_st_adapter_005" instantiated error_adapter "error_adapter_0"
Info: snake: Done "snake" with 53 modules, 81 files
Info: qsys-generate succeeded.
Info: Finished: Create HDL design files for synthesis
